[17:27:21] [ServerMain/INFO]: Environment: Environment[sessionHost=https://sessionserver.mojang.com, servicesHost=https://api.minecraftservices.com, profilesHost=https://api.mojang.com, name=PROD]
[17:27:24] [ServerMain/INFO]: Loaded 1470 recipes
[17:27:24] [ServerMain/INFO]: Loaded 1584 advancements
[17:27:24] [Server thread/INFO]: Starting minecraft server version 1.21.11
[17:27:24] [Server thread/INFO]: Loading properties
[17:27:24] [Server thread/INFO]: Default game type: SURVIVAL
[17:27:24] [Server thread/INFO]: Generating keypair
[17:27:24] [Server thread/INFO]: Starting Minecraft server on *:25565
[17:27:24] [Server thread/WARN]: **** SERVER IS RUNNING IN OFFLINE/INSECURE MODE!
[17:27:24] [Server thread/WARN]: The server will make no attempt to authenticate usernames. Beware.
[17:27:24] [Server thread/WARN]: While this makes the game possible to play without internet access, it also opens up the ability for hackers to connect with any username they choose.
[17:27:24] [Server thread/WARN]: To change this, set "online-mode" to "true" in the server.properties file.
[17:27:24] [Server thread/INFO]: Preparing level "world"
[17:27:25] [Server thread/INFO]: Loading 0 persistent chunks...
[17:27:25] [Server thread/INFO]: Preparing spawn area: 100%
[17:27:25] [Server thread/INFO]: Time elapsed: 14 ms
[17:27:25] [Server thread/INFO]: Done (0.442s)! For help, type "help"
[17:27:43] [Server thread/INFO]: zamasu_48[/127.101.20.66:43263] logged in with entity id 48 at (-23.647840509302792, 82.49136398483627, -9.914849583450307)
[17:27:43] [Server thread/INFO]: zamasu_48 joined the game
[17:28:31] [Server thread/INFO]: [zamasu_48: Set the time to 1000]
[17:49:58] [Server thread/INFO]: [zamasu_48: Set the weather to clear]
[18:04:08] [Server thread/INFO]: [zamasu_48: Successfully cloned 64 block(s)]
[18:04:30] [Server thread/INFO]: [zamasu_48: Successfully cloned 64 block(s)]
[18:04:40] [Server thread/INFO]: [zamasu_48: Successfully cloned 64 block(s)]
[18:04:56] [Server thread/INFO]: [zamasu_48: Successfully cloned 64 block(s)]
[18:05:01] [Server thread/INFO]: [zamasu_48: Successfully cloned 64 block(s)]
[18:05:42] [Server thread/INFO]: [zamasu_48: Successfully cloned 64 block(s)]
[18:07:04] [Server thread/INFO]: [zamasu_48: Successfully cloned 64 block(s)]
[18:07:20] [Server thread/INFO]: [zamasu_48: Successfully cloned 64 block(s)]
[18:07:26] [Server thread/INFO]: [zamasu_48: Successfully cloned 64 block(s)]
[18:07:40] [Server thread/INFO]: [zamasu_48: Successfully cloned 64 block(s)]
[18:07:45] [Server thread/INFO]: [zamasu_48: Successfully cloned 64 block(s)]
[18:08:06] [Server thread/INFO]: [zamasu_48: Successfully cloned 64 block(s)]
[18:08:17] [Server thread/INFO]: [zamasu_48: Successfully cloned 64 block(s)]
